# JRE version: OpenJDK Runtime Environment (8.0_212-b04) (build 1.8.0_212-release-1586-b04)
# Java VM: OpenJDK 64-Bit Server VM (25.212-b04 mixed mode windows-amd64 compressed oops)
Heap:
 PSYoungGen      total 159232K, used 51085K [0x00000000e0000000, 0x00000000eca00000, 0x0000000100000000)
  eden space 146944K, 26% used [0x00000000e0000000,0x00000000e25e8468,0x00000000e8f80000)
  from space 12288K, 99% used [0x00000000e8f80000,0x00000000e9b7b310,0x00000000e9b80000)
  to   space 17408K, 0% used [0x00000000eb900000,0x00000000eb900000,0x00000000eca00000)
 ParOldGen       total 86528K, used 24531K [0x00000000a0000000, 0x00000000a5480000, 0x00000000e0000000)
  object space 86528K, 28% used [0x00000000a0000000,0x00000000a17f4e68,0x00000000a5480000)
 Metaspace       used 55346K, capacity 57178K, committed 57344K, reserved 1099776K
  class space    used 7425K, capacity 7887K, committed 7936K, reserved 1048576K
GC Heap History (10 events):
Event: 9.140 GC heap before
{Heap before GC invocations=9 (full 1):
 PSYoungGen      total 77312K, used 72933K [0x00000000e0000000, 0x00000000e7d80000, 0x0000000100000000)
  eden space 65536K, 100% used [0x00000000e0000000,0x00000000e4000000,0x00000000e4000000)
  from space 11776K, 62% used [0x00000000e4000000,0x00000000e4739650,0x00000000e4b80000)
  to   space 11264K, 0% used [0x00000000e7280000,0x00000000e7280000,0x00000000e7d80000)
 ParOldGen       total 59904K, used 9885K [0x00000000a0000000, 0x00000000a3a80000, 0x00000000e0000000)
  object space 59904K, 16% used [0x00000000a0000000,0x00000000a09a7618,0x00000000a3a80000)
 Metaspace       used 33296K, capacity 33910K, committed 34176K, reserved 1079296K
  class space    used 4474K, capacity 4691K, committed 4736K, reserved 1048576K
Event: 9.169 GC heap after
Heap after GC invocations=9 (full 1):
 PSYoungGen      total 116224K, used 10539K [0x00000000e0000000, 0x00000000e7f80000, 0x0000000100000000)
  eden space 104960K, 0% used [0x00000000e0000000,0x00000000e0000000,0x00000000e6680000)
  from space 11264K, 93% used [0x00000000e7280000,0x00000000e7ccade8,0x00000000e7d80000)
  to   space 12288K, 0% used [0x00000000e6680000,0x00000000e6680000,0x00000000e7280000)
 ParOldGen       total 59904K, used 9893K [0x00000000a0000000, 0x00000000a3a80000, 0x00000000e0000000)
  object space 59904K, 16% used [0x00000000a0000000,0x00000000a09a9618,0x00000000a3a80000)
 Metaspace       used 33296K, capacity 33910K, committed 34176K, reserved 1079296K
  class space    used 4474K, capacity 4691K, committed 4736K, reserved 1048576K
}
Event: 9.609 GC heap before
{Heap before GC invocations=10 (full 1):
 PSYoungGen      total 116224K, used 27610K [0x00000000e0000000, 0x00000000e7f80000, 0x0000000100000000)
  eden space 104960K, 16% used [0x00000000e0000000,0x00000000e10aba40,0x00000000e6680000)
  from space 11264K, 93% used [0x00000000e7280000,0x00000000e7ccade8,0x00000000e7d80000)
  to   space 12288K, 0% used [0x00000000e6680000,0x00000000e6680000,0x00000000e7280000)
 ParOldGen       total 59904K, used 9893K [0x00000000a0000000, 0x00000000a3a80000, 0x00000000e0000000)
  object space 59904K, 16% used [0x00000000a0000000,0x00000000a09a9618,0x00000000a3a80000)
 Metaspace       used 34621K, capacity 35392K, committed 35496K, reserved 1079296K
  class space    used 4563K, capacity 4777K, committed 4864K, reserved 1048576K
Event: 9.634 GC heap after
Heap after GC invocations=10 (full 1):
 PSYoungGen      total 117248K, used 7564K [0x00000000e0000000, 0x00000000eaa00000, 0x0000000100000000)
  eden space 104960K, 0% used [0x00000000e0000000,0x00000000e0000000,0x00000000e6680000)
  from space 12288K, 61% used [0x00000000e6680000,0x00000000e6de3398,0x00000000e7280000)
  to   space 12288K, 0% used [0x00000000e9e00000,0x00000000e9e00000,0x00000000eaa00000)
 ParOldGen       total 59904K, used 9901K [0x00000000a0000000, 0x00000000a3a80000, 0x00000000e0000000)
  object space 59904K, 16% used [0x00000000a0000000,0x00000000a09ab618,0x00000000a3a80000)
 Metaspace       used 34621K, capacity 35392K, committed 35496K, reserved 1079296K
  class space    used 4563K, capacity 4777K, committed 4864K, reserved 1048576K
}
Event: 9.634 GC heap before
{Heap before GC invocations=11 (full 2):
 PSYoungGen      total 117248K, used 7564K [0x00000000e0000000, 0x00000000eaa00000, 0x0000000100000000)
  eden space 104960K, 0% used [0x00000000e0000000,0x00000000e0000000,0x00000000e6680000)
  from space 12288K, 61% used [0x00000000e6680000,0x00000000e6de3398,0x00000000e7280000)
  to   space 12288K, 0% used [0x00000000e9e00000,0x00000000e9e00000,0x00000000eaa00000)
 ParOldGen       total 59904K, used 9901K [0x00000000a0000000, 0x00000000a3a80000, 0x00000000e0000000)
  object space 59904K, 16% used [0x00000000a0000000,0x00000000a09ab618,0x00000000a3a80000)
 Metaspace       used 34621K, capacity 35392K, committed 35496K, reserved 1079296K
  class space    used 4563K, capacity 4777K, committed 4864K, reserved 1048576K
Event: 9.763 GC heap after
Heap after GC invocations=11 (full 2):
 PSYoungGen      total 117248K, used 0K [0x00000000e0000000, 0x00000000eaa00000, 0x0000000100000000)
  eden space 104960K, 0% used [0x00000000e0000000,0x00000000e0000000,0x00000000e6680000)
  from space 12288K, 0% used [0x00000000e6680000,0x00000000e6680000,0x00000000e7280000)
  to   space 12288K, 0% used [0x00000000e9e00000,0x00000000e9e00000,0x00000000eaa00000)
 ParOldGen       total 86528K, used 14917K [0x00000000a0000000, 0x00000000a5480000, 0x00000000e0000000)
  object space 86528K, 17% used [0x00000000a0000000,0x00000000a0e91760,0x00000000a5480000)
 Metaspace       used 34575K, capacity 35288K, committed 35496K, reserved 1079296K
  class space    used 4552K, capacity 4765K, committed 4864K, reserved 1048576K
}
Event: 15.297 GC heap before
{Heap before GC invocations=12 (full 2):
 PSYoungGen      total 117248K, used 104960K [0x00000000e0000000, 0x00000000eaa00000, 0x0000000100000000)
  eden space 104960K, 100% used [0x00000000e0000000,0x00000000e6680000,0x00000000e6680000)
  from space 12288K, 0% used [0x00000000e6680000,0x00000000e6680000,0x00000000e7280000)
  to   space 12288K, 0% used [0x00000000e9e00000,0x00000000e9e00000,0x00000000eaa00000)
 ParOldGen       total 86528K, used 14917K [0x00000000a0000000, 0x00000000a5480000, 0x00000000e0000000)
  object space 86528K, 17% used [0x00000000a0000000,0x00000000a0e91760,0x00000000a5480000)
 Metaspace       used 39279K, capacity 40318K, committed 40448K, reserved 1083392K
  class space    used 5276K, capacity 5544K, committed 5632K, reserved 1048576K
Event: 15.317 GC heap after
Heap after GC invocations=12 (full 2):
 PSYoungGen      total 143872K, used 9560K [0x00000000e0000000, 0x00000000ea780000, 0x0000000100000000)
  eden space 134144K, 0% used [0x00000000e0000000,0x00000000e0000000,0x00000000e8300000)
  from space 9728K, 98% used [0x00000000e9e00000,0x00000000ea756290,0x00000000ea780000)
  to   space 12288K, 0% used [0x00000000e8f80000,0x00000000e8f80000,0x00000000e9b80000)
 ParOldGen       total 86528K, used 14925K [0x00000000a0000000, 0x00000000a5480000, 0x00000000e0000000)
  object space 86528K, 17% used [0x00000000a0000000,0x00000000a0e93760,0x00000000a5480000)
 Metaspace       used 39279K, capacity 40318K, committed 40448K, reserved 1083392K
  class space    used 5276K, capacity 5544K, committed 5632K, reserved 1048576K
}
Event: 18.123 GC heap before
{Heap before GC invocations=13 (full 2):
 PSYoungGen      total 143872K, used 143704K [0x00000000e0000000, 0x00000000ea780000, 0x0000000100000000)
  eden space 134144K, 100% used [0x00000000e0000000,0x00000000e8300000,0x00000000e8300000)
  from space 9728K, 98% used [0x00000000e9e00000,0x00000000ea756290,0x00000000ea780000)
  to   space 12288K, 0% used [0x00000000e8f80000,0x00000000e8f80000,0x00000000e9b80000)
 ParOldGen       total 86528K, used 14925K [0x00000000a0000000, 0x00000000a5480000, 0x00000000e0000000)
  object space 86528K, 17% used [0x00000000a0000000,0x00000000a0e93760,0x00000000a5480000)
 Metaspace       used 52003K, capacity 53446K, committed 53632K, reserved 1095680K
  class space    used 6850K, capacity 7225K, committed 7296K, reserved 1048576K
Event: 18.187 GC heap after
Heap after GC invocations=13 (full 2):
 PSYoungGen      total 159232K, used 12268K [0x00000000e0000000, 0x00000000eca00000, 0x0000000100000000)
  eden space 146944K, 0% used [0x00000000e0000000,0x00000000e0000000,0x00000000e8f80000)
  from space 12288K, 99% used [0x00000000e8f80000,0x00000000e9b7b310,0x00000000e9b80000)
  to   space 17408K, 0% used [0x00000000eb900000,0x00000000eb900000,0x00000000eca00000)
 ParOldGen       total 86528K, used 24531K [0x00000000a0000000, 0x00000000a5480000, 0x00000000e0000000)
  object space 86528K, 28% used [0x00000000a0000000,0x00000000a17f4e68,0x00000000a5480000)
 Metaspace       used 52003K, capacity 53446K, committed 53632K, reserved 1095680K
  class space    used 6850K, capacity 7225K, committed 7296K, reserved 1048576K
}

